<?xml version="1.0" encoding="UTF-8" ?>
<testsuite failures="4" time="1.077" errors="0" skipped="0" tests="12" name="TestSuite">
  <properties>
    <property name="java.runtime.name" value="Java(TM) SE Runtime Environment"/>
    <property name="sun.boot.library.path" value="C:\Program Files\Java\jdk1.6.0_18\jre\bin"/>
    <property name="java.vm.version" value="16.0-b13"/>
    <property name="java.vm.vendor" value="Sun Microsystems Inc."/>
    <property name="java.vendor.url" value="http://java.sun.com/"/>
    <property name="path.separator" value=";"/>
    <property name="guice.disable.misplaced.annotation.check" value="true"/>
    <property name="java.vm.name" value="Java HotSpot(TM) Client VM"/>
    <property name="file.encoding.pkg" value="sun.io"/>
    <property name="user.country" value="US"/>
    <property name="sun.java.launcher" value="SUN_STANDARD"/>
    <property name="sun.os.patch.level" value="Service Pack 3"/>
    <property name="java.vm.specification.name" value="Java Virtual Machine Specification"/>
    <property name="user.dir" value="C:\Documents and Settings\piyali_g\workspace\projects\module1\module3\test\functional"/>
    <property name="java.runtime.version" value="1.6.0_18-b07"/>
    <property name="java.awt.graphicsenv" value="sun.awt.Win32GraphicsEnvironment"/>
    <property name="java.endorsed.dirs" value="C:\Program Files\Java\jdk1.6.0_18\jre\lib\endorsed"/>
    <property name="os.arch" value="x86"/>
    <property name="java.io.tmpdir" value="C:\DOCUME~1\piyali_g\LOCALS~1\Temp\"/>
    <property name="line.separator" value="
"/>
    <property name="java.vm.specification.vendor" value="Sun Microsystems Inc."/>
    <property name="user.variant" value=""/>
    <property name="os.name" value="Windows XP"/>
    <property name="classworlds.conf" value="C:\Documents and Settings\piyali_g\Desktop\sof\(D-drive)\apache-maven-3.0.4-bin\apache-maven-3.0.4\bin\..\bin\m2.conf"/>
    <property name="sun.jnu.encoding" value="Cp1252"/>
    <property name="java.library.path" value="C:\Program Files\Java\jdk1.6.0_18\bin;.;C:\WINDOWS\Sun\Java\bin;C:\WINDOWS\system32;C:\WINDOWS;C:\WINDOWS\system32;C:\WINDOWS;C:\WINDOWS\System32\Wbem;C:\WINDOWS\system32\WindowsPowerShell\v1.0;C:\Program Files\TortoiseSVN\bin;C:\Documents and Settings\piyali_g\Desktop\sof\(D-drive)\apache-maven-3.0.4-bin\apache-maven-3.0.4\bin;ANT_HOME;C:\Program Files\TortoiseGit\bin;C:\Program Files\nodejs\;C:\Documents and Settings\Administrator\Application Data\npm\ ;C:\Program Files\Java\jdk1.6.0_18\bin;C:\Documents and Settings\piyali_g\Desktop\sof\android\adt-bundle-windows-x86-20130729\sdk\platform-tools;C:\Documents and Settings\piyali_g\Desktop\sof\android\adt-bundle-windows-x86-20130729\sdk\tools;C:\wamp\bin\php\php5.3.5;C:\Documents and Settings\piyali_g\Desktop\sof\(D-drive)\phresco-framework-2.0.0\phresco-framework\conf\sonar;C:\Program Files\Research In Motion\BlackBerry WebWorks SDK 2.3.1.5; C:\Program Files\Research In Motion\BlackBerry WebWorks SDK 2.3.1.5\bin;D:\apache-ant-1.9.2\\bin;D:\gradle-1.7\\bin;C:\Documents and Settings\piyali_g\Desktop\sof\android\adt-bundle-windows-x86-20130729\sdk\build-tools\17.0.0;C:\Documents and Settings\piyali_g\Desktop\sof\android\adt-bundle-windows-x86-20130729\sdk\facebook-android-sdk-3.5\bin;D:\liquibaseMain;C:\Documents and Settings\piyali_g\Application Data\npm"/>
    <property name="java.specification.name" value="Java Platform API Specification"/>
    <property name="java.class.version" value="50.0"/>
    <property name="sun.management.compiler" value="HotSpot Client Compiler"/>
    <property name="os.version" value="5.1"/>
    <property name="user.home" value="C:\Documents and Settings\piyali_g"/>
    <property name="package.version" value="null"/>
    <property name="user.timezone" value="Asia/Calcutta"/>
    <property name="java.awt.printerjob" value="sun.awt.windows.WPrinterJob"/>
    <property name="java.specification.version" value="1.6"/>
    <property name="file.encoding" value="Cp1252"/>
    <property name="user.name" value="piyali_g"/>
    <property name="java.class.path" value="C:\Documents and Settings\piyali_g\Desktop\sof\(D-drive)\apache-maven-3.0.4-bin\apache-maven-3.0.4\bin\..\boot\plexus-classworlds-2.4.jar"/>
    <property name="java.vm.specification.version" value="1.0"/>
    <property name="sun.arch.data.model" value="32"/>
    <property name="java.home" value="C:\Program Files\Java\jdk1.6.0_18\jre"/>
    <property name="java.specification.vendor" value="Sun Microsystems Inc."/>
    <property name="user.language" value="en"/>
    <property name="awt.toolkit" value="sun.awt.windows.WToolkit"/>
    <property name="java.vm.info" value="mixed mode, sharing"/>
    <property name="java.version" value="1.6.0_18"/>
    <property name="java.ext.dirs" value="C:\Program Files\Java\jdk1.6.0_18\jre\lib\ext;C:\WINDOWS\Sun\Java\lib\ext"/>
    <property name="sun.boot.class.path" value="C:\Program Files\Java\jdk1.6.0_18\jre\lib\resources.jar;C:\Program Files\Java\jdk1.6.0_18\jre\lib\rt.jar;C:\Program Files\Java\jdk1.6.0_18\jre\lib\sunrsasign.jar;C:\Program Files\Java\jdk1.6.0_18\jre\lib\jsse.jar;C:\Program Files\Java\jdk1.6.0_18\jre\lib\jce.jar;C:\Program Files\Java\jdk1.6.0_18\jre\lib\charsets.jar;C:\Program Files\Java\jdk1.6.0_18\jre\classes"/>
    <property name="java.vendor" value="Sun Microsystems Inc."/>
    <property name="maven.home" value="C:\Documents and Settings\piyali_g\Desktop\sof\(D-drive)\apache-maven-3.0.4-bin\apache-maven-3.0.4\bin\.."/>
    <property name="file.separator" value="\"/>
    <property name="java.vendor.url.bug" value="http://java.sun.com/cgi-bin/bugreport.cgi"/>
    <property name="sun.cpu.endian" value="little"/>
    <property name="sun.io.unicode.encoding" value="UnicodeLittle"/>
    <property name="sun.desktop" value="windows"/>
    <property name="sun.cpu.isalist" value=""/>
  </properties>
  <testcase time="0.188" classname="com.photon.phresco.testcases.WelcomePageTestCase" name="ToVerifyTextPresent"/>
  <testcase time="0.062" classname="com.photon.phresco.testcases.WelcomePageTestCase" name="testFailureScenario"/>
  <testcase time="0.062" classname="com.photon.phresco.testcases.WelcomePageTestCase" name="tearDown">
    <failure type="java.lang.NullPointerException">java.lang.NullPointerException
	at com.photon.phresco.testcases.WelcomePageTestCase.tearDown(WelcomePageTestCase.java:109)
</failure>
  </testcase>
  <testcase time="0.047" classname="com.photon.phresco.testcases.WelcomePageTestCase" name="ToVerifyTextPresent"/>
  <testcase time="0.11" classname="com.photon.phresco.testcases.WelcomePageTestCase" name="ToVerifyTextPresent"/>
  <testcase time="0.062" classname="com.photon.phresco.testcases.WelcomePageTestCase" name="testFailureScenario"/>
  <testcase time="0.062" classname="com.photon.phresco.testcases.WelcomePageTestCase" name="tearDown">
    <failure type="java.lang.NullPointerException">java.lang.NullPointerException
	at com.photon.phresco.testcases.WelcomePageTestCase.tearDown(WelcomePageTestCase.java:109)
</failure>
  </testcase>
  <testcase time="0.109" classname="com.photon.phresco.testcases.WelcomePageTestCase" name="testFailureScenario"/>
  <testcase time="0.109" classname="com.photon.phresco.testcases.WelcomePageTestCase" name="tearDown">
    <failure type="java.lang.NullPointerException">java.lang.NullPointerException
	at com.photon.phresco.testcases.WelcomePageTestCase.tearDown(WelcomePageTestCase.java:109)
</failure>
  </testcase>
  <testcase time="0.172" classname="com.photon.phresco.testcases.WelcomePageTestCase" name="ToVerifyTextPresent"/>
  <testcase time="0.047" classname="com.photon.phresco.testcases.WelcomePageTestCase" name="testFailureScenario"/>
  <testcase time="0.047" classname="com.photon.phresco.testcases.WelcomePageTestCase" name="tearDown">
    <failure type="java.lang.NullPointerException">java.lang.NullPointerException
	at com.photon.phresco.testcases.WelcomePageTestCase.tearDown(WelcomePageTestCase.java:109)
</failure>
  </testcase>
</testsuite>