<?xml version="1.0" encoding="UTF-8"?>
<!-- Generated by org.testng.reporters.JUnitReportReporter -->
<testsuite hostname="piyali_g" name="com.photon.phresco.testcases.WelcomePageTestCase" tests="8" failures="0" timestamp="9 May 2014 09:59:46 GMT" time="0.188" errors="0">
  <testcase name="ToVerifyTextPresent" time="0.000" classname="com.photon.phresco.testcases.WelcomePageTestCase"/>
  <testcase name="testFailureScenario" time="0.000" classname="com.photon.phresco.testcases.WelcomePageTestCase"/>
  <testcase name="testFailureScenario" time="0.000" classname="com.photon.phresco.testcases.WelcomePageTestCase"/>
  <testcase name="ToVerifyTextPresent" time="0.078" classname="com.photon.phresco.testcases.WelcomePageTestCase"/>
  <testcase name="testFailureScenario" time="0.000" classname="com.photon.phresco.testcases.WelcomePageTestCase"/>
  <testcase name="ToVerifyTextPresent" time="0.016" classname="com.photon.phresco.testcases.WelcomePageTestCase"/>
  <testcase name="ToVerifyTextPresent" time="0.094" classname="com.photon.phresco.testcases.WelcomePageTestCase"/>
  <testcase name="testFailureScenario" time="0.000" classname="com.photon.phresco.testcases.WelcomePageTestCase"/>
</testsuite> <!-- com.photon.phresco.testcases.WelcomePageTestCase -->
